[debug] [2019-12-18T10:52:04.948Z] ----------------------------------------------------------------------
[debug] [2019-12-18T10:52:04.953Z] Command:       /usr/bin/node /usr/bin/firebase projects:create
[debug] [2019-12-18T10:52:04.953Z] CLI Version:   7.10.0
[debug] [2019-12-18T10:52:04.954Z] Platform:      linux
[debug] [2019-12-18T10:52:04.954Z] Node Version:  v13.3.0
[debug] [2019-12-18T10:52:04.955Z] Time:          Wed Dec 18 2019 18:52:04 GMT+0800 (Philippine Standard Time)
[debug] [2019-12-18T10:52:04.955Z] ----------------------------------------------------------------------
[debug] [2019-12-18T10:52:04.955Z] 
[debug] [2019-12-18T10:52:04.967Z] > command requires scopes: ["email","openid","https://www.googleapis.com/auth/cloudplatformprojects.readonly","https://www.googleapis.com/auth/firebase","https://www.googleapis.com/auth/cloud-platform"]
[debug] [2019-12-18T10:52:04.968Z] > authorizing via signed-in user
[debug] [2019-12-18T10:52:17.258Z] > refreshing access token with scopes: ["email","https://www.googleapis.com/auth/cloud-platform","https://www.googleapis.com/auth/cloudplatformprojects.readonly","https://www.googleapis.com/auth/firebase","openid"]
[debug] [2019-12-18T10:52:17.259Z] >>> HTTP REQUEST POST https://www.googleapis.com/oauth2/v3/token  
 <request body omitted>
[debug] [2019-12-18T10:52:17.653Z] <<< HTTP RESPONSE 200
[debug] [2019-12-18T10:52:17.662Z] >>> HTTP REQUEST POST https://cloudresourcemanager.googleapis.com/v1/projects  

[debug] [2019-12-18T10:52:19.190Z] <<< HTTP RESPONSE 200
[debug] [2019-12-18T10:52:19.197Z] >>> HTTP REQUEST GET https://cloudresourcemanager.googleapis.com/v1/operations/cp.8442027092183871066  
 
[debug] [2019-12-18T10:52:20.691Z] <<< HTTP RESPONSE 200
[debug] [2019-12-18T10:52:21.195Z] [Project Creation Poller] Retrying task index 0
[debug] [2019-12-18T10:52:21.196Z] >>> HTTP REQUEST GET https://cloudresourcemanager.googleapis.com/v1/operations/cp.8442027092183871066  
 
[debug] [2019-12-18T10:52:22.797Z] <<< HTTP RESPONSE 200
[debug] [2019-12-18T10:52:23.800Z] [Project Creation Poller] Retrying task index 0
[debug] [2019-12-18T10:52:23.801Z] >>> HTTP REQUEST GET https://cloudresourcemanager.googleapis.com/v1/operations/cp.8442027092183871066  
 
[debug] [2019-12-18T10:52:25.336Z] <<< HTTP RESPONSE 200
[debug] [2019-12-18T10:52:25.342Z] >>> HTTP REQUEST POST https://firebase.googleapis.com/v1beta1/projects/nightsong:addFirebase  
 
[debug] [2019-12-18T10:52:28.272Z] <<< HTTP RESPONSE 200
[debug] [2019-12-18T10:52:28.275Z] >>> HTTP REQUEST GET https://firebase.googleapis.com/v1beta1/operations/workflows/ZmVjZTg2ZjctZmJmNi00NzliLTliOWEtODMzYmZmZDMxZDI4  
 
[debug] [2019-12-18T10:52:58.277Z] FirebaseError: Task index 0 failed: timed out after 30000ms.
[debug] [2019-12-18T10:52:58.278Z] Task index 0 failed: timed out after 30000ms.
[debug] [2019-12-18T10:52:58.546Z] FirebaseError: Task index 0 failed: timed out after 30000ms.
    at Timeout.<anonymous> (/usr/lib/node_modules/firebase-tools/lib/throttler/throttler.js:174:24)
    at listOnTimeout (internal/timers.js:536:17)
    at processTimers (internal/timers.js:480:7)
[error] 
[error] Error: Failed to add Firebase to Google Cloud Platform project. See firebase-debug.log for more info.
